<?xml version="1.0" encoding="UTF-8"?>
<coverage generated="1533628773331" clover="3.2.0">
  <project timestamp="1533628773332" name="All files">
    <metrics statements="12" coveredstatements="5" conditionals="4" coveredconditionals="0" methods="2" coveredmethods="0" elements="18" coveredelements="5" complexity="0" loc="12" ncloc="12" packages="1" files="2" classes="2">
      <file name="data.js" path="/Users/amavridis/vsc-react-documentation/src/data.js">
        <metrics statements="1" coveredstatements="1" conditionals="0" coveredconditionals="0" methods="0" coveredmethods="0"/>
        <line num="1" count="1" type="stmt"/>
      </file>
      <file name="extension.js" path="/Users/amavridis/vsc-react-documentation/src/extension.js">
        <metrics statements="11" coveredstatements="4" conditionals="4" coveredconditionals="0" methods="2" coveredmethods="0"/>
        <line num="1" count="1" type="stmt"/>
        <line num="2" count="1" type="stmt"/>
        <line num="6" count="0" type="stmt"/>
        <line num="7" count="0" type="cond" truecount="0" falsecount="2"/>
        <line num="8" count="0" type="cond" truecount="0" falsecount="2"/>
        <line num="9" count="0" type="stmt"/>
        <line num="10" count="0" type="stmt"/>
        <line num="15" count="0" type="stmt"/>
        <line num="20" count="0" type="stmt"/>
        <line num="23" count="1" type="stmt"/>
        <line num="24" count="1" type="stmt"/>
      </file>
    </metrics>
  </project>
</coverage>
